<?xml version="1.0" encoding="UTF-8"?>
<!-- Generated by org.testng.reporters.JUnitReportReporter -->
<testsuite hostname="LAPTOP-JE4FKOLB" failures="0" tests="1" name="com.testserver.testcases.BDisposition_Test" time="4.681" errors="0" timestamp="2024-05-26T11:38:38 IST" skipped="0">
  <testcase classname="com.testserver.testcases.BDisposition_Test" name="clickOnDispositionlinkTest" time="4.681"/>
  <system-out/>
</testsuite> <!-- com.testserver.testcases.BDisposition_Test -->
