<?xml version="1.0" encoding="UTF-8"?>
<!-- Generated by org.testng.reporters.JUnitReportReporter -->
<testsuite hostname="LAPTOP-JE4FKOLB" failures="0" tests="14" name="com.testserver.testcases.FRTV_Test" time="22.946" errors="0" timestamp="2024-05-26T11:38:37 IST" skipped="0">
  <testcase classname="com.testserver.testcases.FRTV_Test" name="RTV" time="1.891"/>
  <system-out/>
  <testcase classname="com.testserver.testcases.FRTV_Test" name="rtvSelectItem" time="1.686"/>
  <system-out/>
  <testcase classname="com.testserver.testcases.FRTV_Test" name="RTVSetDisposition" time="1.706"/>
  <system-out/>
  <testcase classname="com.testserver.testcases.FRTV_Test" name="RTVDispoToInsurance" time="1.637"/>
  <system-out/>
  <testcase classname="com.testserver.testcases.FRTV_Test" name="RTVAddRemarks" time="0.839"/>
  <system-out/>
  <testcase classname="com.testserver.testcases.FRTV_Test" name="RTVAttachDoc" time="2.826"/>
  <system-out/>
  <testcase classname="com.testserver.testcases.FRTV_Test" name="RTVConfirm" time="1.653"/>
  <system-out/>
  <testcase classname="com.testserver.testcases.FRTV_Test" name="rtvSelectItemForDispatch" time="2.732"/>
  <system-out/>
  <testcase classname="com.testserver.testcases.FRTV_Test" name="RTVMoveToDispatch" time="1.366"/>
  <system-out/>
  <testcase classname="com.testserver.testcases.FRTV_Test" name="RTVVendorcode" time="0.327"/>
  <system-out/>
  <testcase classname="com.testserver.testcases.FRTV_Test" name="RTVVendorDropdown" time="2.372"/>
  <system-out/>
  <testcase classname="com.testserver.testcases.FRTV_Test" name="RTVLotName" time="1.055"/>
  <system-out/>
  <testcase classname="com.testserver.testcases.FRTV_Test" name="RTVConfirmDispatch" time="1.155"/>
  <system-out/>
  <testcase classname="com.testserver.testcases.FRTV_Test" name="RTVDispatchOkbutton" time="1.701"/>
  <system-out/>
</testsuite> <!-- com.testserver.testcases.FRTV_Test -->
