<?xml version="1.0" encoding="UTF-8"?>
<!-- Generated by org.testng.reporters.JUnitReportReporter -->
<testsuite hostname="LAPTOP-JE4FKOLB" failures="0" tests="1" name="com.testserver.testcases.ALogin_QATest" time="8.066" errors="0" timestamp="2024-05-26T11:38:38 IST" skipped="0">
  <testcase classname="com.testserver.testcases.ALogin_QATest" name="loginTest" time="8.066"/>
  <system-out/>
</testsuite> <!-- com.testserver.testcases.ALogin_QATest -->
