<?xml version="1.0" encoding="UTF-8"?>
<!-- Generated by org.testng.reporters.JUnitReportReporter -->
<testsuite hostname="LAPTOP-JE4FKOLB" failures="0" tests="29" name="com.testserver.testcases.DInsurance_Test" time="66.639" errors="0" timestamp="2024-05-30T11:28:03 IST" skipped="0">
  <testcase classname="com.testserver.testcases.DInsurance_Test" name="Insurance1" time="2.143"/>
  <testcase classname="com.testserver.testcases.DInsurance_Test" name="insuSelectItem" time="2.878"/>
  <testcase classname="com.testserver.testcases.DInsurance_Test" name="insuClaimSubmitionDate" time="4.454"/>
  <testcase classname="com.testserver.testcases.DInsurance_Test" name="insuClaimAmount" time="1.285"/>
  <testcase classname="com.testserver.testcases.DInsurance_Test" name="insuAddRemarks" time="1.379"/>
  <testcase classname="com.testserver.testcases.DInsurance_Test" name="insuAttachDoc" time="2.703"/>
  <testcase classname="com.testserver.testcases.DInsurance_Test" name="insuConfirmFirst" time="3.171"/>
  <testcase classname="com.testserver.testcases.DInsurance_Test" name="insuUpdateCallSelectItem" time="2.194"/>
  <testcase classname="com.testserver.testcases.DInsurance_Test" name="insuUpdateClaimCallLog" time="2.128"/>
  <testcase classname="com.testserver.testcases.DInsurance_Test" name="insuEnterCallLog" time="1.067"/>
  <testcase classname="com.testserver.testcases.DInsurance_Test" name="insuConfirmSecond" time="0.638"/>
  <testcase classname="com.testserver.testcases.DInsurance_Test" name="insuSurveyorSelectItem" time="2.217"/>
  <testcase classname="com.testserver.testcases.DInsurance_Test" name="insuSurveyorClaimInspectionDate" time="6.560"/>
  <testcase classname="com.testserver.testcases.DInsurance_Test" name="InsuSurveyorAddRemarks" time="1.016"/>
  <testcase classname="com.testserver.testcases.DInsurance_Test" name="insuAttachDocInspection" time="3.191"/>
  <testcase classname="com.testserver.testcases.DInsurance_Test" name="insuConfirmThird" time="1.154"/>
  <testcase classname="com.testserver.testcases.DInsurance_Test" name="insuClaimResolutionApprove" time="2.757"/>
  <testcase classname="com.testserver.testcases.DInsurance_Test" name="insuClaimResolutionApprovelDate" time="5.551"/>
  <testcase classname="com.testserver.testcases.DInsurance_Test" name="insuClaimResolutionApprovedAmount" time="0.400"/>
  <testcase classname="com.testserver.testcases.DInsurance_Test" name="insuClaimResolutionAddRemarks" time="0.520"/>
  <testcase classname="com.testserver.testcases.DInsurance_Test" name="insuAttachDocClaimresolution" time="3.170"/>
  <testcase classname="com.testserver.testcases.DInsurance_Test" name="insuConfirmFourth" time="1.683"/>
  <testcase classname="com.testserver.testcases.DInsurance_Test" name="insuPendingLiquidationSelectItem" time="2.755"/>
  <testcase classname="com.testserver.testcases.DInsurance_Test" name="insuPendingLiquidSetDisposition" time="1.234"/>
  <testcase classname="com.testserver.testcases.DInsurance_Test" name="insuSetDispositionLiquidation" time="1.229"/>
  <testcase classname="com.testserver.testcases.DInsurance_Test" name="insuPendingLiquidationAddRemarks" time="2.108"/>
  <testcase classname="com.testserver.testcases.DInsurance_Test" name="insuAttachDocPendingLiqui" time="3.158"/>
  <testcase classname="com.testserver.testcases.DInsurance_Test" name="insuConfirm5th" time="1.678"/>
  <testcase classname="com.testserver.testcases.DInsurance_Test" name="Disposition" time="2.218"/>
  <system-out>
    <![CDATA[BCL Fisrt screen updated succussfully]]>
  </system-out>
</testsuite> <!-- com.testserver.testcases.DInsurance_Test -->
