<?xml version="1.0" encoding="UTF-8"?>
<!-- Generated by org.testng.reporters.JUnitReportReporter -->
<testsuite hostname="LAPTOP-JE4FKOLB" failures="0" tests="32" name="com.testserver.testcases.CBrandcalllog_Test" time="47.121" errors="0" timestamp="2024-05-30T11:28:03 IST" skipped="0">
  <testcase classname="com.testserver.testcases.CBrandcalllog_Test" name="clickBCL" time="2.979"/>
  <testcase classname="com.testserver.testcases.CBrandcalllog_Test" name="bclSelectTag" time="1.621"/>
  <testcase classname="com.testserver.testcases.CBrandcalllog_Test" name="bclUpdateIntiation" time="0.761"/>
  <testcase classname="com.testserver.testcases.CBrandcalllog_Test" name="bclEmailDate" time="3.474"/>
  <testcase classname="com.testserver.testcases.CBrandcalllog_Test" name="bclInitiationLocation" time="1.235"/>
  <testcase classname="com.testserver.testcases.CBrandcalllog_Test" name="bclLocationInhouse" time="0.213"/>
  <testcase classname="com.testserver.testcases.CBrandcalllog_Test" name="bclAddremarks" time="1.117"/>
  <testcase classname="com.testserver.testcases.CBrandcalllog_Test" name="bclFirstConfirm" time="0.513">
    <system-out>
      <![CDATA[BCL Fisrt screen updated succussfully]]>
    </system-out>
  </testcase> <!-- bclFirstConfirm -->
  <testcase classname="com.testserver.testcases.CBrandcalllog_Test" name="bclSelectItem" time="1.885"/>
  <testcase classname="com.testserver.testcases.CBrandcalllog_Test" name="bclUpdateCallLogTag" time="1.201"/>
  <testcase classname="com.testserver.testcases.CBrandcalllog_Test" name="bclEnterCallLog" time="1.029"/>
  <testcase classname="com.testserver.testcases.CBrandcalllog_Test" name="bclUpdateSecond" time="0.290"/>
  <testcase classname="com.testserver.testcases.CBrandcalllog_Test" name="bclInspectionSelectTag" time="1.835"/>
  <testcase classname="com.testserver.testcases.CBrandcalllog_Test" name="bclInspectionUpdate" time="0.659"/>
  <testcase classname="com.testserver.testcases.CBrandcalllog_Test" name="bclEnterInvoice" time="1.121"/>
  <testcase classname="com.testserver.testcases.CBrandcalllog_Test" name="bclInspectionThird" time="0.388"/>
  <testcase classname="com.testserver.testcases.CBrandcalllog_Test" name="bclSelectTagBrand" time="1.158"/>
  <testcase classname="com.testserver.testcases.CBrandcalllog_Test" name="bclInspectionBrandInspection" time="0.712"/>
  <testcase classname="com.testserver.testcases.CBrandcalllog_Test" name="bclBrandInspectionDate" time="3.485"/>
  <testcase classname="com.testserver.testcases.CBrandcalllog_Test" name="bclBrandInspectionLocation" time="0.620"/>
  <testcase classname="com.testserver.testcases.CBrandcalllog_Test" name="bclBrandLocationInhouse" time="0.181"/>
  <testcase classname="com.testserver.testcases.CBrandcalllog_Test" name="bclBrandInspectionRemarks" time="1.073"/>
  <testcase classname="com.testserver.testcases.CBrandcalllog_Test" name="bclBrandInspectionAttachDoc" time="3.258"/>
  <testcase classname="com.testserver.testcases.CBrandcalllog_Test" name="bclBrandInspectionConfirm" time="2.140"/>
  <testcase classname="com.testserver.testcases.CBrandcalllog_Test" name="bclResolutionSelectItem" time="3.185"/>
  <testcase classname="com.testserver.testcases.CBrandcalllog_Test" name="bclBrandResolution" time="1.708"/>
  <testcase classname="com.testserver.testcases.CBrandcalllog_Test" name="bclBrandInspectionSetDisposition" time="0.246"/>
  <testcase classname="com.testserver.testcases.CBrandcalllog_Test" name="bclBrandSetDispoInsurance" time="0.623"/>
  <testcase classname="com.testserver.testcases.CBrandcalllog_Test" name="bclBrandResolutionRemarks" time="1.064"/>
  <testcase classname="com.testserver.testcases.CBrandcalllog_Test" name="bclBrandResolutionAttachDoc" time="2.888"/>
  <testcase classname="com.testserver.testcases.CBrandcalllog_Test" name="bclBrandResolutionConfirm" time="2.266"/>
  <testcase classname="com.testserver.testcases.CBrandcalllog_Test" name="Disposition" time="2.193"/>
  <system-out>
    <![CDATA[BCL Fisrt screen updated succussfully]]>
  </system-out>
</testsuite> <!-- com.testserver.testcases.CBrandcalllog_Test -->
