<?xml version="1.0" encoding="UTF-8"?>
<!-- Generated by org.testng.reporters.JUnitReportReporter -->
<testsuite hostname="LAPTOP-JE4FKOLB" failures="0" tests="1" name="com.testserver.testcases.ALogin_QATest" time="8.224" errors="0" timestamp="2024-05-30T11:28:03 IST" skipped="0">
  <testcase classname="com.testserver.testcases.ALogin_QATest" name="loginTest" time="8.224"/>
  <system-out>
    <![CDATA[BCL Fisrt screen updated succussfully]]>
  </system-out>
</testsuite> <!-- com.testserver.testcases.ALogin_QATest -->
